<?xml version="1.0" encoding="UTF-8"?>
<!-- Generated by org.testng.reporters.JUnitReportReporter -->
<testsuite hostname="DESKTOP-SRCTVLM" failures="0" tests="1" name="Testcases.Tc2" time="13.106" errors="0" timestamp="2023-05-12T09:43:45 IST" skipped="0">
  <testcase classname="Testcases.Tc2" name="m2" time="13.106"/>
  <system-out/>
</testsuite> <!-- Testcases.Tc2 -->
