<?xml version="1.0" encoding="UTF-8"?>
<!-- Generated by org.testng.reporters.JUnitReportReporter -->
<testsuite hostname="DESKTOP-SRCTVLM" failures="0" tests="2" name="Section3.TestNG01" time="0.011" errors="0" timestamp="2023-05-09T23:41:39 IST" skipped="0">
  <testcase classname="Section3.TestNG01" name="m2" time="0.010"/>
  <system-out/>
  <testcase classname="Section3.TestNG01" name="m1" time="0.001"/>
  <system-out/>
</testsuite> <!-- Section3.TestNG01 -->
