<?xml version="1.0" encoding="UTF-8"?>
<!-- Generated by org.testng.reporters.JUnitReportReporter -->
<testsuite hostname="DESKTOP-SRCTVLM" failures="0" tests="1" name="Section3.SoftAssertion" time="0.021" errors="0" timestamp="2023-05-10T00:08:55 IST" skipped="0">
  <testcase classname="Section3.SoftAssertion" name="m1" time="0.021"/>
  <system-out>
    <![CDATA[main start
main ends]]>
  </system-out>
</testsuite> <!-- Section3.SoftAssertion -->
