<?xml version="1.0" encoding="UTF-8"?>
<!-- Generated by org.testng.reporters.JUnitReportReporter -->
<testsuite hostname="DESKTOP-SRCTVLM" failures="0" tests="3" name="ReusableMethods.demoframework" time="13.866" errors="0" timestamp="2023-05-10T22:47:55 IST" skipped="0">
  <testcase classname="ReusableMethods.demoframework" name="tc1" time="5.626"/>
  <system-out/>
  <testcase classname="ReusableMethods.demoframework" name="tc2" time="4.037"/>
  <system-out/>
  <testcase classname="ReusableMethods.demoframework" name="tc3" time="4.203"/>
  <system-out/>
</testsuite> <!-- ReusableMethods.demoframework -->
