<?xml version="1.0" encoding="UTF-8"?>
<!-- Generated by org.testng.reporters.JUnitReportReporter -->
<testsuite hostname="DESKTOP-SRCTVLM" failures="0" tests="4" name="Section3.testNG02" time="0.016" errors="0" timestamp="2023-05-09T23:45:45 IST" skipped="0">
  <testcase classname="Section3.testNG02" name="m2" time="0.001"/>
  <system-out>
    <![CDATA[second method ]]>
  </system-out>
  <testcase classname="Section3.testNG02" name="m2" time="0.000"/>
  <system-out>
    <![CDATA[second method ]]>
  </system-out>
  <testcase classname="Section3.testNG02" name="m1" time="0.013"/>
  <system-out>
    <![CDATA[First method ]]>
  </system-out>
  <testcase classname="Section3.testNG02" name="m2" time="0.002"/>
  <system-out>
    <![CDATA[second method ]]>
  </system-out>
</testsuite> <!-- Section3.testNG02 -->
