<?xml version="1.0" encoding="UTF-8"?>
<!-- Generated by org.testng.reporters.JUnitReportReporter -->
<testsuite hostname="DESKTOP-SRCTVLM" failures="0" tests="1" name="Testcases.Tc1" time="7.449" errors="0" timestamp="2023-05-12T09:43:45 IST" skipped="0">
  <testcase classname="Testcases.Tc1" name="m1" time="7.449"/>
  <system-out/>
</testsuite> <!-- Testcases.Tc1 -->
